<?xml version="1.0" encoding="UTF-8"?>
<coverage generated="1642729366053" clover="3.2.0">
  <project timestamp="1642729366053" name="All files">
    <metrics statements="8" coveredstatements="6" conditionals="0" coveredconditionals="0" methods="2" coveredmethods="0" elements="10" coveredelements="6" complexity="0" loc="8" ncloc="8" packages="1" files="2" classes="2"/>
    <file name="Hello.tsx" path="/Users/weiheli/Work/code-brother/src/Hello.tsx">
      <metrics statements="3" coveredstatements="2" conditionals="0" coveredconditionals="0" methods="1" coveredmethods="0"/>
      <line num="1" count="1" type="stmt"/>
      <line num="3" count="1" type="stmt"/>
      <line num="4" count="0" type="stmt"/>
    </file>
    <file name="logo.svg" path="/Users/weiheli/Work/code-brother/src/logo.svg">
      <metrics statements="5" coveredstatements="4" conditionals="0" coveredconditionals="0" methods="1" coveredmethods="0"/>
      <line num="2" count="1" type="stmt"/>
      <line num="4" count="1" type="stmt"/>
      <line num="6" count="0" type="stmt"/>
      <line num="14" count="1" type="stmt"/>
      <line num="15" count="1" type="stmt"/>
    </file>
  </project>
</coverage>
